#
# There is insufficient memory for the Java Runtime Environment to continue.
# Native memory allocation (mmap) failed to map 87031808 bytes for committing reserved memory.
# Possible reasons:
#   The system is out of physical RAM or swap space
#   In 32 bit mode, the process size limit was hit
# Possible solutions:
#   Reduce memory load on the system
#   Increase physical memory or swap space
#   Check if swap backing store is full
#   Use 64 bit Java on a 64 bit OS
#   Decrease Java heap size (-Xmx/-Xms)
#   Decrease number of Java threads
#   Decrease Java thread stack sizes (-Xss)
#   Set larger code cache with -XX:ReservedCodeCacheSize=
# This output file may be truncated or incomplete.
#
#  Out of Memory Error (os_linux.cpp:2640), pid=8997, tid=0x00007f4e0ed23700
#
# JRE version:  (8.0_181-b13) (build )
# Java VM: Java HotSpot(TM) 64-Bit Server VM (25.181-b13 mixed mode linux-amd64 compressed oops)
# Failed to write core dump. Core dumps have been disabled. To enable core dumping, try "ulimit -c unlimited" before starting Java again
#

---------------  T H R E A D  ---------------

Current thread (0x00007f4e0800d800):  JavaThread "Unknown thread" [_thread_in_vm, id=9003, stack(0x00007f4e0ec24000,0x00007f4e0ed24000)]

Stack: [0x00007f4e0ec24000,0x00007f4e0ed24000],  sp=0x00007f4e0ed22360,  free space=1016k
Native frames: (J=compiled Java code, j=interpreted, Vv=VM code, C=native code)
V  [libjvm.so+0xad21aa]  VMError::report_and_die()+0x2ba
V  [libjvm.so+0x5022db]  report_vm_out_of_memory(char const*, int, unsigned long, VMErrorType, char const*)+0x8b
V  [libjvm.so+0x92fe33]  os::Linux::commit_memory_impl(char*, unsigned long, bool)+0x123
V  [libjvm.so+0x930059]  os::pd_commit_memory(char*, unsigned long, unsigned long, bool)+0x29
V  [libjvm.so+0x9272ba]  os::commit_memory(char*, unsigned long, unsigned long, bool)+0x2a
V  [libjvm.so+0x99d2e3]  PSVirtualSpace::expand_by(unsigned long)+0x53
V  [libjvm.so+0x98d3f7]  PSOldGen::initialize(ReservedSpace, unsigned long, char const*, int)+0xb7
V  [libjvm.so+0x2dc1ea]  AdjoiningGenerations::AdjoiningGenerations(ReservedSpace, GenerationSizer*, unsigned long)+0x39a
V  [libjvm.so+0x951426]  ParallelScavengeHeap::initialize()+0x1d6
V  [libjvm.so+0xa9a1e3]  Universe::initialize_heap()+0xf3
V  [libjvm.so+0xa9a74e]  universe_init()+0x3e
V  [libjvm.so+0x644875]  init_globals()+0x65
V  [libjvm.so+0xa7eefe]  Threads::create_vm(JavaVMInitArgs*, bool*)+0x23e
V  [libjvm.so+0x6d8d74]  JNI_CreateJavaVM+0x74
C  [libjli.so+0x797e]  JavaMain+0x9e
C  [libpthread.so.0+0x76db]  start_thread+0xdb


---------------  P R O C E S S  ---------------

Java Threads: ( => current thread )

Other Threads:

=>0x00007f4e0800d800 (exited) JavaThread "Unknown thread" [_thread_in_vm, id=9003, stack(0x00007f4e0ec24000,0x00007f4e0ed24000)]

VM state:not at safepoint (not fully initialized)

VM Mutex/Monitor currently owned by a thread: None

GC Heap History (0 events):
No events

Deoptimization events (0 events):
No events

Classes redefined (0 events):
No events

Internal exceptions (0 events):
No events

Events (0 events):
No events


Dynamic libraries:
00400000-00401000 r-xp 00000000 08:02 1177504                            /usr/lib/jvm/java-8-oracle/bin/java
00600000-00601000 rw-p 00000000 08:02 1177504                            /usr/lib/jvm/java-8-oracle/bin/java
00fe7000-01008000 rw-p 00000000 00:00 0                                  [heap]
8ad00000-d7380000 ---p 00000000 00:00 0 
d7380000-d9c80000 rw-p 00000000 00:00 0 
d9c80000-100000000 ---p 00000000 00:00 0 
7f4df81b3000-7f4df843e000 rw-p 00000000 00:00 0 
7f4df843e000-7f4df86ca000 ---p 00000000 00:00 0 
7f4df86ca000-7f4df86e0000 rw-p 00000000 00:00 0 
7f4df86e0000-7f4df8811000 ---p 00000000 00:00 0 
7f4df8811000-7f4df881c000 rw-p 00000000 00:00 0 
7f4df881c000-7f4df8bd2000 ---p 00000000 00:00 0 
7f4df8bd2000-7f4df8e42000 rwxp 00000000 00:00 0 
7f4df8e42000-7f4e07bd2000 ---p 00000000 00:00 0 
7f4e07bd2000-7f4e07bed000 r-xp 00000000 08:02 1178495                    /usr/lib/jvm/java-8-oracle/jre/lib/amd64/libzip.so
7f4e07bed000-7f4e07ded000 ---p 0001b000 08:02 1178495                    /usr/lib/jvm/java-8-oracle/jre/lib/amd64/libzip.so
7f4e07ded000-7f4e07dee000 rw-p 0001b000 08:02 1178495                    /usr/lib/jvm/java-8-oracle/jre/lib/amd64/libzip.so
7f4e07dee000-7f4e07df9000 r-xp 00000000 08:02 921714                     /lib/x86_64-linux-gnu/libnss_files-2.27.so
7f4e07df9000-7f4e07ff8000 ---p 0000b000 08:02 921714                     /lib/x86_64-linux-gnu/libnss_files-2.27.so
7f4e07ff8000-7f4e07ff9000 r--p 0000a000 08:02 921714                     /lib/x86_64-linux-gnu/libnss_files-2.27.so
7f4e07ff9000-7f4e07ffa000 rw-p 0000b000 08:02 921714                     /lib/x86_64-linux-gnu/libnss_files-2.27.so
7f4e07ffa000-7f4e08000000 rw-p 00000000 00:00 0 
7f4e08000000-7f4e08038000 rw-p 00000000 00:00 0 
7f4e08038000-7f4e0c000000 ---p 00000000 00:00 0 
7f4e0c0dc000-7f4e0c0f3000 r-xp 00000000 08:02 921708                     /lib/x86_64-linux-gnu/libnsl-2.27.so
7f4e0c0f3000-7f4e0c2f2000 ---p 00017000 08:02 921708                     /lib/x86_64-linux-gnu/libnsl-2.27.so
7f4e0c2f2000-7f4e0c2f3000 r--p 00016000 08:02 921708                     /lib/x86_64-linux-gnu/libnsl-2.27.so
7f4e0c2f3000-7f4e0c2f4000 rw-p 00017000 08:02 921708                     /lib/x86_64-linux-gnu/libnsl-2.27.so
7f4e0c2f4000-7f4e0c2f6000 rw-p 00000000 00:00 0 
7f4e0c2f6000-7f4e0c301000 r-xp 00000000 08:02 921725                     /lib/x86_64-linux-gnu/libnss_nis-2.27.so
7f4e0c301000-7f4e0c500000 ---p 0000b000 08:02 921725                     /lib/x86_64-linux-gnu/libnss_nis-2.27.so
7f4e0c500000-7f4e0c501000 r--p 0000a000 08:02 921725                     /lib/x86_64-linux-gnu/libnss_nis-2.27.so
7f4e0c501000-7f4e0c502000 rw-p 0000b000 08:02 921725                     /lib/x86_64-linux-gnu/libnss_nis-2.27.so
7f4e0c502000-7f4e0c50a000 r-xp 00000000 08:02 921710                     /lib/x86_64-linux-gnu/libnss_compat-2.27.so
7f4e0c50a000-7f4e0c70a000 ---p 00008000 08:02 921710                     /lib/x86_64-linux-gnu/libnss_compat-2.27.so
7f4e0c70a000-7f4e0c70b000 r--p 00008000 08:02 921710                     /lib/x86_64-linux-gnu/libnss_compat-2.27.so
7f4e0c70b000-7f4e0c70c000 rw-p 00009000 08:02 921710                     /lib/x86_64-linux-gnu/libnss_compat-2.27.so
7f4e0c70c000-7f4e0c737000 r-xp 00000000 08:02 1178489                    /usr/lib/jvm/java-8-oracle/jre/lib/amd64/libjava.so
7f4e0c737000-7f4e0c936000 ---p 0002b000 08:02 1178489                    /usr/lib/jvm/java-8-oracle/jre/lib/amd64/libjava.so
7f4e0c936000-7f4e0c938000 rw-p 0002a000 08:02 1178489                    /usr/lib/jvm/java-8-oracle/jre/lib/amd64/libjava.so
7f4e0c938000-7f4e0c945000 r-xp 00000000 08:02 1178494                    /usr/lib/jvm/java-8-oracle/jre/lib/amd64/libverify.so
7f4e0c945000-7f4e0cb45000 ---p 0000d000 08:02 1178494                    /usr/lib/jvm/java-8-oracle/jre/lib/amd64/libverify.so
7f4e0cb45000-7f4e0cb47000 rw-p 0000d000 08:02 1178494                    /usr/lib/jvm/java-8-oracle/jre/lib/amd64/libverify.so
7f4e0cb47000-7f4e0cb4e000 r-xp 00000000 08:02 921765                     /lib/x86_64-linux-gnu/librt-2.27.so
7f4e0cb4e000-7f4e0cd4d000 ---p 00007000 08:02 921765                     /lib/x86_64-linux-gnu/librt-2.27.so
7f4e0cd4d000-7f4e0cd4e000 r--p 00006000 08:02 921765                     /lib/x86_64-linux-gnu/librt-2.27.so
7f4e0cd4e000-7f4e0cd4f000 rw-p 00007000 08:02 921765                     /lib/x86_64-linux-gnu/librt-2.27.so
7f4e0cd4f000-7f4e0ceec000 r-xp 00000000 08:02 921687                     /lib/x86_64-linux-gnu/libm-2.27.so
7f4e0ceec000-7f4e0d0eb000 ---p 0019d000 08:02 921687                     /lib/x86_64-linux-gnu/libm-2.27.so
7f4e0d0eb000-7f4e0d0ec000 r--p 0019c000 08:02 921687                     /lib/x86_64-linux-gnu/libm-2.27.so
7f4e0d0ec000-7f4e0d0ed000 rw-p 0019d000 08:02 921687                     /lib/x86_64-linux-gnu/libm-2.27.so
7f4e0d0ed000-7f4e0ddc9000 r-xp 00000000 08:02 1178515                    /usr/lib/jvm/java-8-oracle/jre/lib/amd64/server/libjvm.so
7f4e0ddc9000-7f4e0dfc9000 ---p 00cdc000 08:02 1178515                    /usr/lib/jvm/java-8-oracle/jre/lib/amd64/server/libjvm.so
7f4e0dfc9000-7f4e0e0a3000 rw-p 00cdc000 08:02 1178515                    /usr/lib/jvm/java-8-oracle/jre/lib/amd64/server/libjvm.so
7f4e0e0a3000-7f4e0e0ee000 rw-p 00000000 00:00 0 
7f4e0e0ee000-7f4e0e2d5000 r-xp 00000000 08:02 921624                     /lib/x86_64-linux-gnu/libc-2.27.so
7f4e0e2d5000-7f4e0e4d5000 ---p 001e7000 08:02 921624                     /lib/x86_64-linux-gnu/libc-2.27.so
7f4e0e4d5000-7f4e0e4d9000 r--p 001e7000 08:02 921624                     /lib/x86_64-linux-gnu/libc-2.27.so
7f4e0e4d9000-7f4e0e4db000 rw-p 001eb000 08:02 921624                     /lib/x86_64-linux-gnu/libc-2.27.so
7f4e0e4db000-7f4e0e4df000 rw-p 00000000 00:00 0 
7f4e0e4df000-7f4e0e4e2000 r-xp 00000000 08:02 921647                     /lib/x86_64-linux-gnu/libdl-2.27.so
7f4e0e4e2000-7f4e0e6e1000 ---p 00003000 08:02 921647                     /lib/x86_64-linux-gnu/libdl-2.27.so
7f4e0e6e1000-7f4e0e6e2000 r--p 00002000 08:02 921647                     /lib/x86_64-linux-gnu/libdl-2.27.so
7f4e0e6e2000-7f4e0e6e3000 rw-p 00003000 08:02 921647                     /lib/x86_64-linux-gnu/libdl-2.27.so
7f4e0e6e3000-7f4e0e6f9000 r-xp 00000000 08:02 1177617                    /usr/lib/jvm/java-8-oracle/lib/amd64/jli/libjli.so
7f4e0e6f9000-7f4e0e8f8000 ---p 00016000 08:02 1177617                    /usr/lib/jvm/java-8-oracle/lib/amd64/jli/libjli.so
7f4e0e8f8000-7f4e0e8f9000 rw-p 00015000 08:02 1177617                    /usr/lib/jvm/java-8-oracle/lib/amd64/jli/libjli.so
7f4e0e8f9000-7f4e0e913000 r-xp 00000000 08:02 921757                     /lib/x86_64-linux-gnu/libpthread-2.27.so
7f4e0e913000-7f4e0eb12000 ---p 0001a000 08:02 921757                     /lib/x86_64-linux-gnu/libpthread-2.27.so
7f4e0eb12000-7f4e0eb13000 r--p 00019000 08:02 921757                     /lib/x86_64-linux-gnu/libpthread-2.27.so
7f4e0eb13000-7f4e0eb14000 rw-p 0001a000 08:02 921757                     /lib/x86_64-linux-gnu/libpthread-2.27.so
7f4e0eb14000-7f4e0eb18000 rw-p 00000000 00:00 0 
7f4e0eb18000-7f4e0eb3f000 r-xp 00000000 08:02 921596                     /lib/x86_64-linux-gnu/ld-2.27.so
7f4e0ec23000-7f4e0ec24000 ---p 00000000 00:00 0 
7f4e0ec24000-7f4e0ec27000 ---p 00000000 00:00 0 
7f4e0ec27000-7f4e0ed28000 rw-p 00000000 00:00 0 
7f4e0ed35000-7f4e0ed3d000 rw-s 00000000 08:02 819881                     /tmp/hsperfdata_hoangvanvietanh/8997
7f4e0ed3d000-7f4e0ed3e000 rw-p 00000000 00:00 0 
7f4e0ed3e000-7f4e0ed3f000 r--p 00000000 00:00 0 
7f4e0ed3f000-7f4e0ed40000 r--p 00027000 08:02 921596                     /lib/x86_64-linux-gnu/ld-2.27.so
7f4e0ed40000-7f4e0ed41000 rw-p 00028000 08:02 921596                     /lib/x86_64-linux-gnu/ld-2.27.so
7f4e0ed41000-7f4e0ed42000 rw-p 00000000 00:00 0 
7ffde9161000-7ffde9183000 rw-p 00000000 00:00 0                          [stack]
7ffde91ea000-7ffde91ed000 r--p 00000000 00:00 0                          [vvar]
7ffde91ed000-7ffde91ef000 r-xp 00000000 00:00 0                          [vdso]
ffffffffff600000-ffffffffff601000 r-xp 00000000 00:00 0                  [vsyscall]

VM Arguments:
jvm_args: -Dfile.encoding=UTF-8 
java_command: com.green.example.test.test
java_class_path (initial): /usr/lib/jvm/java-8-oracle/jre/lib/resources.jar:/usr/lib/jvm/java-8-oracle/jre/lib/rt.jar:/usr/lib/jvm/java-8-oracle/jre/lib/jsse.jar:/usr/lib/jvm/java-8-oracle/jre/lib/jce.jar:/usr/lib/jvm/java-8-oracle/jre/lib/charsets.jar:/usr/lib/jvm/java-8-oracle/jre/lib/jfr.jar:/usr/lib/jvm/java-8-oracle/jre/lib/ext/jfxrt.jar:/usr/lib/jvm/java-8-oracle/jre/lib/ext/nashorn.jar:/usr/lib/jvm/java-8-oracle/jre/lib/ext/zipfs.jar:/usr/lib/jvm/java-8-oracle/jre/lib/ext/dnsns.jar:/usr/lib/jvm/java-8-oracle/jre/lib/ext/cldrdata.jar:/usr/lib/jvm/java-8-oracle/jre/lib/ext/sunjce_provider.jar:/usr/lib/jvm/java-8-oracle/jre/lib/ext/jaccess.jar:/usr/lib/jvm/java-8-oracle/jre/lib/ext/sunpkcs11.jar:/usr/lib/jvm/java-8-oracle/jre/lib/ext/localedata.jar:/usr/lib/jvm/java-8-oracle/jre/lib/ext/sunec.jar:/home/hoangvanvietanh/Documents/git/contact/contacts/target/test-classes:/home/hoangvanvietanh/Documents/git/contact/contacts/target/classes:/home/hoangvanvietanh/Documents/apache-tomcat-9.0.10/lib/tomcat-jni.jar:/home/hoangvanvietanh/Documents/apache-tomcat-9.0.10/lib/tomcat-api.jar:/home/hoangvanvietanh/Documents/apache-tomcat-9.0.10/lib/websocket-api.jar:/home/hoangvanvietanh/Documents/apache-tomcat-9.0.10/lib/el-api.jar:/home/hoangvanvietanh/Documents/apache-tomcat-9.0.10/lib/servlet-api.jar:/home/hoangvanvietanh/Documents/apache-tomcat-9.0.10/lib/tomcat-util-scan.jar:/home/hoangvanvietanh/Documents/apache-tomcat-9.0.10/lib/tomcat-i18n-es.jar:/home/hoangvanvietanh/Documents/apache-tomcat-9.0.10/lib/tomcat-coyote.jar:/home/hoangvanvietanh/Documents/apache-tomcat-9.0.10/lib/tomcat-websocket.jar:/home/hoangvanvietanh/Documents/apache-tomcat-9.0.10/lib/annotations-api.jar:/home/hoangvanvietanh/Documents/apache-tomcat-9.0.10/lib/jasper-el.jar:/home/hoangvanvietanh/Documents/apache-tomcat-9.0.10/lib/tomcat-util.jar:/home/hoangvanvietanh/Documents/apache-tomcat-9.0.10/lib/jasper.jar:/home/hoangvanvietanh/Documents/apache-tomcat-9.0.10/lib/tomcat-dbcp.jar:/home/hoangvanvi
Launcher Type: SUN_STANDARD

Environment Variables:
JAVA_HOME=/usr/lib/jvm/java-8-oracle
PATH=/usr/local/sbin:/usr/local/bin:/usr/sbin:/usr/bin:/sbin:/bin:/usr/games:/usr/local/games:/snap/bin:/usr/lib/jvm/java-8-oracle/bin:/usr/lib/jvm/java-8-oracle/db/bin:/usr/lib/jvm/java-8-oracle/jre/bin
USERNAME=hoangvanvietanh
SHELL=/bin/bash
DISPLAY=:0

Signal Handlers:
SIGSEGV: [libjvm.so+0xad2a40], sa_mask[0]=11111111011111111101111111111110, sa_flags=SA_RESTART|SA_SIGINFO
SIGBUS: [libjvm.so+0xad2a40], sa_mask[0]=11111111011111111101111111111110, sa_flags=SA_RESTART|SA_SIGINFO
SIGFPE: [libjvm.so+0x92a610], sa_mask[0]=11111111011111111101111111111110, sa_flags=SA_RESTART|SA_SIGINFO
SIGPIPE: [libjvm.so+0x92a610], sa_mask[0]=11111111011111111101111111111110, sa_flags=SA_RESTART|SA_SIGINFO
SIGXFSZ: [libjvm.so+0x92a610], sa_mask[0]=11111111011111111101111111111110, sa_flags=SA_RESTART|SA_SIGINFO
SIGILL: [libjvm.so+0x92a610], sa_mask[0]=11111111011111111101111111111110, sa_flags=SA_RESTART|SA_SIGINFO
SIGUSR1: SIG_DFL, sa_mask[0]=00000000000000000000000000000000, sa_flags=none
SIGUSR2: [libjvm.so+0x92be70], sa_mask[0]=00100000000000000000000000000000, sa_flags=SA_RESTART|SA_SIGINFO
SIGHUP: SIG_DFL, sa_mask[0]=00000000000000000000000000000000, sa_flags=none
SIGINT: SIG_DFL, sa_mask[0]=00000000000000000000000000000000, sa_flags=none
SIGTERM: SIG_DFL, sa_mask[0]=00000000000000000000000000000000, sa_flags=none
SIGQUIT: SIG_DFL, sa_mask[0]=00000000000000000000000000000000, sa_flags=none


---------------  S Y S T E M  ---------------

OS:DISTRIB_ID=Ubuntu
DISTRIB_RELEASE=18.04
DISTRIB_CODENAME=bionic
DISTRIB_DESCRIPTION="Ubuntu 18.04.1 LTS"

uname:Linux 4.15.0-32-generic #35-Ubuntu SMP Fri Aug 10 17:58:07 UTC 2018 x86_64
libc:glibc 2.27 NPTL 2.27 
rlimit: STACK 8192k, CORE 0k, NPROC 30931, NOFILE 1048576, AS infinity
load average:1.69 1.43 1.14

/proc/meminfo:
MemTotal:        8015020 kB
MemFree:          128744 kB
MemAvailable:      26016 kB
Buffers:            2680 kB
Cached:           130928 kB
SwapCached:          396 kB
Active:          6775608 kB
Inactive:         858960 kB
Active(anon):    6755068 kB
Inactive(anon):   844276 kB
Active(file):      20540 kB
Inactive(file):    14684 kB
Unevictable:         160 kB
Mlocked:             160 kB
SwapTotal:        924796 kB
SwapFree:              0 kB
Dirty:               684 kB
Writeback:             0 kB
AnonPages:       7501908 kB
Mapped:            64048 kB
Shmem:             97404 kB
Slab:             100056 kB
SReclaimable:      39012 kB
SUnreclaim:        61044 kB
KernelStack:       24416 kB
PageTables:        73748 kB
NFS_Unstable:          0 kB
Bounce:                0 kB
WritebackTmp:          0 kB
CommitLimit:     4932304 kB
Committed_AS:   19520508 kB
VmallocTotal:   34359738367 kB
VmallocUsed:           0 kB
VmallocChunk:          0 kB
HardwareCorrupted:     0 kB
AnonHugePages:         0 kB
ShmemHugePages:        0 kB
ShmemPmdMapped:        0 kB
CmaTotal:              0 kB
CmaFree:               0 kB
HugePages_Total:       0
HugePages_Free:        0
HugePages_Rsvd:        0
HugePages_Surp:        0
Hugepagesize:       2048 kB
DirectMap4k:      216056 kB
DirectMap2M:     8019968 kB
DirectMap1G:           0 kB


CPU:total 6 (initial active 6) (6 cores per cpu, 1 threads per core) family 6 model 158 stepping 10, cmov, cx8, fxsr, mmx, sse, sse2, sse3, ssse3, sse4.1, sse4.2, popcnt, avx, avx2, aes, clmul, erms, rtm, 3dnowpref, lzcnt, tsc, tscinvbit, bmi1, bmi2, adx

/proc/cpuinfo:
processor	: 0
vendor_id	: GenuineIntel
cpu family	: 6
model		: 158
model name	: Intel(R) Core(TM) i5-8500 CPU @ 3.00GHz
stepping	: 10
microcode	: 0x96
cpu MHz		: 3900.012
cache size	: 9216 KB
physical id	: 0
siblings	: 6
core id		: 0
cpu cores	: 6
apicid		: 0
initial apicid	: 0
fpu		: yes
fpu_exception	: yes
cpuid level	: 22
wp		: yes
flags		: fpu vme de pse tsc msr pae mce cx8 apic sep mtrr pge mca cmov pat pse36 clflush dts acpi mmx fxsr sse sse2 ss ht tm pbe syscall nx pdpe1gb rdtscp lm constant_tsc art arch_perfmon pebs bts rep_good nopl xtopology nonstop_tsc cpuid aperfmperf tsc_known_freq pni pclmulqdq dtes64 monitor ds_cpl vmx smx est tm2 ssse3 sdbg fma cx16 xtpr pdcm pcid sse4_1 sse4_2 x2apic movbe popcnt tsc_deadline_timer aes xsave avx f16c rdrand lahf_lm abm 3dnowprefetch cpuid_fault epb invpcid_single pti ssbd ibrs ibpb stibp tpr_shadow vnmi flexpriority ept vpid fsgsbase tsc_adjust bmi1 hle avx2 smep bmi2 erms invpcid rtm mpx rdseed adx smap clflushopt intel_pt xsaveopt xsavec xgetbv1 xsaves dtherm ida arat pln pts hwp hwp_notify hwp_act_window hwp_epp flush_l1d
bugs		: cpu_meltdown spectre_v1 spectre_v2 spec_store_bypass l1tf
bogomips	: 6000.00
clflush size	: 64
cache_alignment	: 64
address sizes	: 39 bits physical, 48 bits virtual
power management:

processor	: 1
vendor_id	: GenuineIntel
cpu family	: 6
model		: 158
model name	: Intel(R) Core(TM) i5-8500 CPU @ 3.00GHz
stepping	: 10
microcode	: 0x96
cpu MHz		: 3900.002
cache size	: 9216 KB
physical id	: 0
siblings	: 6
core id		: 1
cpu cores	: 6
apicid		: 2
initial apicid	: 2
fpu		: yes
fpu_exception	: yes
cpuid level	: 22
wp		: yes
flags		: fpu vme de pse tsc msr pae mce cx8 apic sep mtrr pge mca cmov pat pse36 clflush dts acpi mmx fxsr sse sse2 ss ht tm pbe syscall nx pdpe1gb rdtscp lm constant_tsc art arch_perfmon pebs bts rep_good nopl xtopology nonstop_tsc cpuid aperfmperf tsc_known_freq pni pclmulqdq dtes64 monitor ds_cpl vmx smx est tm2 ssse3 sdbg fma cx16 xtpr pdcm pcid sse4_1 sse4_2 x2apic movbe popcnt tsc_deadline_timer aes xsave avx f16c rdrand lahf_lm abm 3dnowprefetch cpuid_fault epb invpcid_single pti ssbd ibrs ibpb stibp tpr_shadow vnmi flexpriority ept vpid fsgsbase tsc_adjust bmi1 hle avx2 smep bmi2 erms invpcid rtm mpx rdseed adx smap clflushopt intel_pt xsaveopt xsavec xgetbv1 xsaves dtherm ida arat pln pts hwp hwp_notify hwp_act_window hwp_epp flush_l1d
bugs		: cpu_meltdown spectre_v1 spectre_v2 spec_store_bypass l1tf
bogomips	: 6000.00
clflush size	: 64
cache_alignment	: 64
address sizes	: 39 bits physical, 48 bits virtual
power management:

processor	: 2
vendor_id	: GenuineIntel
cpu family	: 6
model		: 158
model name	: Intel(R) Core(TM) i5-8500 CPU @ 3.00GHz
stepping	: 10
microcode	: 0x96
cpu MHz		: 3900.000
cache size	: 9216 KB
physical id	: 0
siblings	: 6
core id		: 2
cpu cores	: 6
apicid		: 4
initial apicid	: 4
fpu		: yes
fpu_exception	: yes
cpuid level	: 22
wp		: yes
flags		: fpu vme de pse tsc msr pae mce cx8 apic sep mtrr pge mca cmov pat pse36 clflush dts acpi mmx fxsr sse sse2 ss ht tm pbe syscall nx pdpe1gb rdtscp lm constant_tsc art arch_perfmon pebs bts rep_good nopl xtopology nonstop_tsc cpuid aperfmperf tsc_known_freq pni pclmulqdq dtes64 monitor ds_cpl vmx smx est tm2 ssse3 sdbg fma cx16 xtpr pdcm pcid sse4_1 sse4_2 x2apic movbe popcnt tsc_deadline_timer aes xsave avx f16c rdrand lahf_lm abm 3dnowprefetch cpuid_fault epb invpcid_single pti ssbd ibrs ibpb stibp tpr_shadow vnmi flexpriority ept vpid fsgsbase tsc_adjust bmi1 hle avx2 smep bmi2 erms invpcid rtm mpx rdseed adx smap clflushopt intel_pt xsaveopt xsavec xgetbv1 xsaves dtherm ida arat pln pts hwp hwp_notify hwp_act_window hwp_epp flush_l1d
bugs		: cpu_meltdown spectre_v1 spectre_v2 spec_store_bypass l1tf
bogomips	: 6000.00
clflush size	: 64
cache_alignment	: 64
address sizes	: 39 bits physical, 48 bits virtual
power management:

processor	: 3
vendor_id	: GenuineIntel
cpu family	: 6
model		: 158
model name	: Intel(R) Core(TM) i5-8500 CPU @ 3.00GHz
stepping	: 10
microcode	: 0x96
cpu MHz		: 3900.011
cache size	: 9216 KB
physical id	: 0
siblings	: 6
core id		: 3
cpu cores	: 6
apicid		: 6
initial apicid	: 6
fpu		: yes
fpu_exception	: yes
cpuid level	: 22
wp		: yes
flags		: fpu vme de pse tsc msr pae mce cx8 apic sep mtrr pge mca cmov pat pse36 clflush dts acpi mmx fxsr sse sse2 ss ht tm pbe syscall nx pdpe1gb rdtscp lm constant_tsc art arch_perfmon pebs bts rep_good nopl xtopology nonstop_tsc cpuid aperfmperf tsc_known_freq pni pclmulqdq dtes64 monitor ds_cpl vmx smx est tm2 ssse3 sdbg fma cx16 xtpr pdcm pcid sse4_1 sse4_2 x2apic movbe popcnt tsc_deadline_timer aes xsave avx f16c rdrand lahf_lm abm 3dnowprefetch cpuid_fault epb invpcid_single pti ssbd ibrs ibpb stibp tpr_shadow vnmi flexpriority ept vpid fsgsbase tsc_adjust bmi1 hle avx2 smep bmi2 erms invpcid rtm mpx rdseed adx smap clflushopt intel_pt xsaveopt xsavec xgetbv1 xsaves dtherm ida arat pln pts hwp hwp_notify hwp_act_window hwp_epp flush_l1d
bugs		: cpu_meltdown spectre_v1 spectre_v2 spec_store_bypass l1tf
bogomips	: 6000.00
clflush size	: 64
cache_alignment	: 64
address sizes	: 39 bits physical, 48 bits virtual
power management:

processor	: 4
vendor_id	: GenuineIntel
cpu family	: 6
model		: 158
model name	: Intel(R) Core(TM) i5-8500 CPU @ 3.00GHz
stepping	: 10
microcode	: 0x96
cpu MHz		: 3900.000
cache size	: 9216 KB
physical id	: 0
siblings	: 6
core id		: 4
cpu cores	: 6
apicid		: 8
initial apicid	: 8
fpu		: yes
fpu_exception	: yes
cpuid level	: 22
wp		: yes
flags		: fpu vme de pse tsc msr pae mce cx8 apic sep mtrr pge mca cmov pat pse36 clflush dts acpi mmx fxsr sse sse2 ss ht tm pbe syscall nx pdpe1gb rdtscp lm constant_tsc art arch_perfmon pebs bts rep_good nopl xtopology nonstop_tsc cpuid aperfmperf tsc_known_freq pni pclmulqdq dtes64 monitor ds_cpl vmx smx est tm2 ssse3 sdbg fma cx16 xtpr pdcm pcid sse4_1 sse4_2 x2apic movbe popcnt tsc_deadline_timer aes xsave avx f16c rdrand lahf_lm abm 3dnowprefetch cpuid_fault epb invpcid_single pti ssbd ibrs ibpb stibp tpr_shadow vnmi flexpriority ept vpid fsgsbase tsc_adjust bmi1 hle avx2 smep bmi2 erms invpcid rtm mpx rdseed adx smap clflushopt intel_pt xsaveopt xsavec xgetbv1 xsaves dtherm ida arat pln pts hwp hwp_notify hwp_act_window hwp_epp flush_l1d
bugs		: cpu_meltdown spectre_v1 spectre_v2 spec_store_bypass l1tf
bogomips	: 6000.00
clflush size	: 64
cache_alignment	: 64
address sizes	: 39 bits physical, 48 bits virtual
power management:

processor	: 5
vendor_id	: GenuineIntel
cpu family	: 6
model		: 158
model name	: Intel(R) Core(TM) i5-8500 CPU @ 3.00GHz
stepping	: 10
microcode	: 0x96
cpu MHz		: 3900.013
cache size	: 9216 KB
physical id	: 0
siblings	: 6
core id		: 5
cpu cores	: 6
apicid		: 10
initial apicid	: 10
fpu		: yes
fpu_exception	: yes
cpuid level	: 22
wp		: yes
flags		: fpu vme de pse tsc msr pae mce cx8 apic sep mtrr pge mca cmov pat pse36 clflush dts acpi mmx fxsr sse sse2 ss ht tm pbe syscall nx pdpe1gb rdtscp lm constant_tsc art arch_perfmon pebs bts rep_good nopl xtopology nonstop_tsc cpuid aperfmperf tsc_known_freq pni pclmulqdq dtes64 monitor ds_cpl vmx smx est tm2 ssse3 sdbg fma cx16 xtpr pdcm pcid sse4_1 sse4_2 x2apic movbe popcnt tsc_deadline_timer aes xsave avx f16c rdrand lahf_lm abm 3dnowprefetch cpuid_fault epb invpcid_single pti ssbd ibrs ibpb stibp tpr_shadow vnmi flexpriority ept vpid fsgsbase tsc_adjust bmi1 hle avx2 smep bmi2 erms invpcid rtm mpx rdseed adx smap clflushopt intel_pt xsaveopt xsavec xgetbv1 xsaves dtherm ida arat pln pts hwp hwp_notify hwp_act_window hwp_epp flush_l1d
bugs		: cpu_meltdown spectre_v1 spectre_v2 spec_store_bypass l1tf
bogomips	: 6000.00
clflush size	: 64
cache_alignment	: 64
address sizes	: 39 bits physical, 48 bits virtual
power management:



Memory: 4k page, physical 8015020k(132300k free), swap 924796k(0k free)

vm_info: Java HotSpot(TM) 64-Bit Server VM (25.181-b13) for linux-amd64 JRE (1.8.0_181-b13), built on Jul  7 2018 00:56:38 by "java_re" with gcc 4.3.0 20080428 (Red Hat 4.3.0-8)

time: Tue Aug 21 01:16:08 2018
elapsed time: 0 seconds (0d 0h 0m 0s)

